CRITICAL - 2026-05-12 06:25:34 --> ErrorException: include(layout/header.php): Failed to open stream: No such file or directory
[Method: GET, Route: login]
in APPPATH/Views/auth/login.php on line 2.
 1 APPPATH/Views/auth/login.php(2): CodeIgniter\Debug\Exceptions->errorHandler()
 2 APPPATH/Views/auth/login.php(2): include()
 3 SYSTEMPATH/View/View.php(240): include('/home/brandy-allan/Documents/HTML/S4/sport/app/Views/auth/login.php')
 4 SYSTEMPATH/View/View.php(243): CodeIgniter\View\View->CodeIgniter\View\{closure}()
 5 SYSTEMPATH/Common.php(1250): CodeIgniter\View\View->render()
 6 APPPATH/Controllers/Login.php(9): view()
 7 SYSTEMPATH/CodeIgniter.php(951): App\Controllers\Login->showLogin()
 8 SYSTEMPATH/CodeIgniter.php(497): CodeIgniter\CodeIgniter->runController()
 9 SYSTEMPATH/CodeIgniter.php(340): CodeIgniter\CodeIgniter->handleRequest()
10 SYSTEMPATH/Boot.php(417): CodeIgniter\CodeIgniter->run()
11 SYSTEMPATH/Boot.php(68): CodeIgniter\Boot::runCodeIgniter()
12 FCPATH/index.php(59): CodeIgniter\Boot::bootWeb()
13 SYSTEMPATH/rewrite.php(44): require_once('/home/brandy-allan/Documents/HTML/S4/sport/public/index.php')
CRITICAL - 2026-05-12 06:26:12 --> ErrorException: include(layout/header.php): Failed to open stream: No such file or directory
[Method: GET, Route: login]
in APPPATH/Views/auth/login.php on line 2.
 1 APPPATH/Views/auth/login.php(2): CodeIgniter\Debug\Exceptions->errorHandler()
 2 APPPATH/Views/auth/login.php(2): include()
 3 SYSTEMPATH/View/View.php(240): include('/home/brandy-allan/Documents/HTML/S4/sport/app/Views/auth/login.php')
 4 SYSTEMPATH/View/View.php(243): CodeIgniter\View\View->CodeIgniter\View\{closure}()
 5 SYSTEMPATH/Common.php(1250): CodeIgniter\View\View->render()
 6 APPPATH/Controllers/Login.php(9): view()
 7 SYSTEMPATH/CodeIgniter.php(951): App\Controllers\Login->showLogin()
 8 SYSTEMPATH/CodeIgniter.php(497): CodeIgniter\CodeIgniter->runController()
 9 SYSTEMPATH/CodeIgniter.php(340): CodeIgniter\CodeIgniter->handleRequest()
10 SYSTEMPATH/Boot.php(417): CodeIgniter\CodeIgniter->run()
11 SYSTEMPATH/Boot.php(68): CodeIgniter\Boot::runCodeIgniter()
12 FCPATH/index.php(59): CodeIgniter\Boot::bootWeb()
13 SYSTEMPATH/rewrite.php(44): require_once('/home/brandy-allan/Documents/HTML/S4/sport/public/index.php')
CRITICAL - 2026-05-12 06:26:13 --> ErrorException: include(layout/header.php): Failed to open stream: No such file or directory
[Method: GET, Route: login]
in APPPATH/Views/auth/login.php on line 2.
 1 APPPATH/Views/auth/login.php(2): CodeIgniter\Debug\Exceptions->errorHandler()
 2 APPPATH/Views/auth/login.php(2): include()
 3 SYSTEMPATH/View/View.php(240): include('/home/brandy-allan/Documents/HTML/S4/sport/app/Views/auth/login.php')
 4 SYSTEMPATH/View/View.php(243): CodeIgniter\View\View->CodeIgniter\View\{closure}()
 5 SYSTEMPATH/Common.php(1250): CodeIgniter\View\View->render()
 6 APPPATH/Controllers/Login.php(9): view()
 7 SYSTEMPATH/CodeIgniter.php(951): App\Controllers\Login->showLogin()
 8 SYSTEMPATH/CodeIgniter.php(497): CodeIgniter\CodeIgniter->runController()
 9 SYSTEMPATH/CodeIgniter.php(340): CodeIgniter\CodeIgniter->handleRequest()
10 SYSTEMPATH/Boot.php(417): CodeIgniter\CodeIgniter->run()
11 SYSTEMPATH/Boot.php(68): CodeIgniter\Boot::runCodeIgniter()
12 FCPATH/index.php(59): CodeIgniter\Boot::bootWeb()
13 SYSTEMPATH/rewrite.php(44): require_once('/home/brandy-allan/Documents/HTML/S4/sport/public/index.php')
CRITICAL - 2026-05-12 06:27:00 --> ErrorException: include(layout/header.php): Failed to open stream: No such file or directory
[Method: GET, Route: login]
in APPPATH/Views/auth/login.php on line 2.
 1 APPPATH/Views/auth/login.php(2): CodeIgniter\Debug\Exceptions->errorHandler()
 2 APPPATH/Views/auth/login.php(2): include()
 3 SYSTEMPATH/View/View.php(240): include('/home/brandy-allan/Documents/HTML/S4/sport/app/Views/auth/login.php')
 4 SYSTEMPATH/View/View.php(243): CodeIgniter\View\View->CodeIgniter\View\{closure}()
 5 SYSTEMPATH/Common.php(1250): CodeIgniter\View\View->render()
 6 APPPATH/Controllers/Login.php(9): view()
 7 SYSTEMPATH/CodeIgniter.php(951): App\Controllers\Login->showLogin()
 8 SYSTEMPATH/CodeIgniter.php(497): CodeIgniter\CodeIgniter->runController()
 9 SYSTEMPATH/CodeIgniter.php(340): CodeIgniter\CodeIgniter->handleRequest()
10 SYSTEMPATH/Boot.php(417): CodeIgniter\CodeIgniter->run()
11 SYSTEMPATH/Boot.php(68): CodeIgniter\Boot::runCodeIgniter()
12 FCPATH/index.php(59): CodeIgniter\Boot::bootWeb()
13 SYSTEMPATH/rewrite.php(44): require_once('/home/brandy-allan/Documents/HTML/S4/sport/public/index.php')
CRITICAL - 2026-05-12 06:27:15 --> ErrorException: include(layout/header.php): Failed to open stream: No such file or directory
[Method: GET, Route: login]
in APPPATH/Views/auth/login.php on line 2.
 1 APPPATH/Views/auth/login.php(2): CodeIgniter\Debug\Exceptions->errorHandler()
 2 APPPATH/Views/auth/login.php(2): include()
 3 SYSTEMPATH/View/View.php(240): include('/home/brandy-allan/Documents/HTML/S4/sport/app/Views/auth/login.php')
 4 SYSTEMPATH/View/View.php(243): CodeIgniter\View\View->CodeIgniter\View\{closure}()
 5 SYSTEMPATH/Common.php(1250): CodeIgniter\View\View->render()
 6 APPPATH/Controllers/Login.php(9): view()
 7 SYSTEMPATH/CodeIgniter.php(951): App\Controllers\Login->showLogin()
 8 SYSTEMPATH/CodeIgniter.php(497): CodeIgniter\CodeIgniter->runController()
 9 SYSTEMPATH/CodeIgniter.php(340): CodeIgniter\CodeIgniter->handleRequest()
10 SYSTEMPATH/Boot.php(417): CodeIgniter\CodeIgniter->run()
11 SYSTEMPATH/Boot.php(68): CodeIgniter\Boot::runCodeIgniter()
12 FCPATH/index.php(59): CodeIgniter\Boot::bootWeb()
13 SYSTEMPATH/rewrite.php(44): require_once('/home/brandy-allan/Documents/HTML/S4/sport/public/index.php')
CRITICAL - 2026-05-12 06:27:16 --> ErrorException: include(layout/header.php): Failed to open stream: No such file or directory
[Method: GET, Route: login]
in APPPATH/Views/auth/login.php on line 2.
 1 APPPATH/Views/auth/login.php(2): CodeIgniter\Debug\Exceptions->errorHandler()
 2 APPPATH/Views/auth/login.php(2): include()
 3 SYSTEMPATH/View/View.php(240): include('/home/brandy-allan/Documents/HTML/S4/sport/app/Views/auth/login.php')
 4 SYSTEMPATH/View/View.php(243): CodeIgniter\View\View->CodeIgniter\View\{closure}()
 5 SYSTEMPATH/Common.php(1250): CodeIgniter\View\View->render()
 6 APPPATH/Controllers/Login.php(9): view()
 7 SYSTEMPATH/CodeIgniter.php(951): App\Controllers\Login->showLogin()
 8 SYSTEMPATH/CodeIgniter.php(497): CodeIgniter\CodeIgniter->runController()
 9 SYSTEMPATH/CodeIgniter.php(340): CodeIgniter\CodeIgniter->handleRequest()
10 SYSTEMPATH/Boot.php(417): CodeIgniter\CodeIgniter->run()
11 SYSTEMPATH/Boot.php(68): CodeIgniter\Boot::runCodeIgniter()
12 FCPATH/index.php(59): CodeIgniter\Boot::bootWeb()
13 SYSTEMPATH/rewrite.php(44): require_once('/home/brandy-allan/Documents/HTML/S4/sport/public/index.php')
CRITICAL - 2026-05-12 06:27:54 --> ErrorException: include(layout/header.php): Failed to open stream: No such file or directory
[Method: GET, Route: login]
in APPPATH/Views/auth/login.php on line 2.
 1 APPPATH/Views/auth/login.php(2): CodeIgniter\Debug\Exceptions->errorHandler()
 2 APPPATH/Views/auth/login.php(2): include()
 3 SYSTEMPATH/View/View.php(240): include('/home/brandy-allan/Documents/HTML/S4/sport/app/Views/auth/login.php')
 4 SYSTEMPATH/View/View.php(243): CodeIgniter\View\View->CodeIgniter\View\{closure}()
 5 SYSTEMPATH/Common.php(1250): CodeIgniter\View\View->render()
 6 APPPATH/Controllers/Login.php(9): view()
 7 SYSTEMPATH/CodeIgniter.php(951): App\Controllers\Login->showLogin()
 8 SYSTEMPATH/CodeIgniter.php(497): CodeIgniter\CodeIgniter->runController()
 9 SYSTEMPATH/CodeIgniter.php(340): CodeIgniter\CodeIgniter->handleRequest()
10 SYSTEMPATH/Boot.php(417): CodeIgniter\CodeIgniter->run()
11 SYSTEMPATH/Boot.php(68): CodeIgniter\Boot::runCodeIgniter()
12 FCPATH/index.php(59): CodeIgniter\Boot::bootWeb()
13 SYSTEMPATH/rewrite.php(44): require_once('/home/brandy-allan/Documents/HTML/S4/sport/public/index.php')
ERROR - 2026-05-12 06:48:01 --> UNIQUE constraint failed: users.email
in SYSTEMPATH/Database/SQLite3/Connection.php on line 163.
 1 SYSTEMPATH/Database/SQLite3/Connection.php(163): SQLite3->exec()
 2 SYSTEMPATH/Database/BaseConnection.php(910): CodeIgniter\Database\SQLite3\Connection->execute()
 3 SYSTEMPATH/Database/BaseConnection.php(827): CodeIgniter\Database\BaseConnection->simpleQuery()
 4 SYSTEMPATH/Database/BaseBuilder.php(2345): CodeIgniter\Database\BaseConnection->query()
 5 APPPATH/Database/Seeds/UserSeeder.php(11): CodeIgniter\Database\BaseBuilder->insert()
 6 SYSTEMPATH/Database/Seeder.php(155): App\Database\Seeds\UserSeeder->run()
 7 SYSTEMPATH/Commands/Database/Seed.php(79): CodeIgniter\Database\Seeder->call()
 8 SYSTEMPATH/CLI/Commands.php(74): CodeIgniter\Commands\Database\Seed->run()
 9 SYSTEMPATH/CLI/Console.php(47): CodeIgniter\CLI\Commands->run()
10 SYSTEMPATH/Boot.php(442): CodeIgniter\CLI\Console->run()
11 SYSTEMPATH/Boot.php(166): CodeIgniter\Boot::runCommand()
12 ROOTPATH/spark(87): CodeIgniter\Boot::bootSpark()
